<?xml version="1.0" encoding="UTF-8"?>
<!-- Generated by org.testng.reporters.JUnitReportReporter -->
<testsuite hostname="MSI" failures="0" tests="1" name="com.automation.tests.LoginTest" time="7.849" errors="0" timestamp="2022-06-02T17:33:28 IST" skipped="0">
  <testcase classname="com.automation.tests.LoginTest" name="verifyUserCanLogin" time="7.849"/>
  <system-out/>
</testsuite> <!-- com.automation.tests.LoginTest -->
